<?xml version="1.0" encoding="UTF-8"?>
<coverage generated="1554314863462" clover="3.2.0">
  <project timestamp="1554314863462" name="All files">
    <metrics statements="35" coveredstatements="35" conditionals="10" coveredconditionals="10" methods="9" coveredmethods="9" elements="54" coveredelements="54" complexity="0" loc="35" ncloc="35" packages="2" files="5" classes="5"/>
    <package name="src">
      <metrics statements="29" coveredstatements="29" conditionals="5" coveredconditionals="5" methods="6" coveredmethods="6"/>
      <file name="bubble.js" path="G:\code_paradise\git\quicksort\src\bubble.js">
        <metrics statements="6" coveredstatements="6" conditionals="0" coveredconditionals="0" methods="1" coveredmethods="1"/>
        <line num="13" count="12" type="stmt"/>
        <line num="15" count="9" type="stmt"/>
        <line num="16" count="9" type="stmt"/>
        <line num="17" count="3026" type="stmt"/>
        <line num="18" count="4501567" type="stmt"/>
        <line num="22" count="9" type="stmt"/>
      </file>
      <file name="quick.js" path="G:\code_paradise\git\quicksort\src\quick.js">
        <metrics statements="23" coveredstatements="23" conditionals="5" coveredconditionals="5" methods="5" coveredmethods="5"/>
        <line num="11" count="4122" type="stmt"/>
        <line num="15" count="2061" type="stmt"/>
        <line num="16" count="2061" type="stmt"/>
        <line num="17" count="2061" type="stmt"/>
        <line num="18" count="2061" type="stmt"/>
        <line num="21" count="2061" type="stmt"/>
        <line num="23" count="2061" type="stmt"/>
        <line num="25" count="2061" type="stmt"/>
        <line num="27" count="2061" type="stmt"/>
        <line num="31" count="2052" type="stmt"/>
        <line num="32" count="27976" type="cond" truecount="2" falsecount="0"/>
        <line num="33" count="27974" type="stmt"/>
        <line num="34" count="27976" type="stmt"/>
        <line num="42" count="2064" type="stmt"/>
        <line num="45" count="2061" type="stmt"/>
        <line num="47" count="2061" type="stmt"/>
        <line num="48" count="2061" type="stmt"/>
        <line num="50" count="2061" type="cond" truecount="2" falsecount="0"/>
        <line num="51" count="1035" type="stmt"/>
        <line num="54" count="1026" type="stmt"/>
        <line num="55" count="1026" type="stmt"/>
        <line num="56" count="1026" type="stmt"/>
        <line num="58" count="1026" type="stmt"/>
      </file>
    </package>
    <package name="src.private">
      <metrics statements="6" coveredstatements="6" conditionals="5" coveredconditionals="5" methods="3" coveredmethods="3"/>
      <file name="error-message.js" path="G:\code_paradise\git\quicksort\src\private\error-message.js">
        <metrics statements="1" coveredstatements="1" conditionals="0" coveredconditionals="0" methods="0" coveredmethods="0"/>
        <line num="1" count="2" type="stmt"/>
      </file>
      <file name="index.js" path="G:\code_paradise\git\quicksort\src\private\index.js">
        <metrics statements="2" coveredstatements="2" conditionals="2" coveredconditionals="2" methods="1" coveredmethods="1"/>
        <line num="2" count="2076" type="cond" truecount="2" falsecount="0"/>
        <line num="3" count="6" type="stmt"/>
      </file>
      <file name="swap.js" path="G:\code_paradise\git\quicksort\src\private\swap.js">
        <metrics statements="3" coveredstatements="3" conditionals="3" coveredconditionals="3" methods="2" coveredmethods="2"/>
        <line num="2" count="4507750" type="stmt"/>
        <line num="6" count="4507750" type="cond" truecount="2" falsecount="0"/>
        <line num="7" count="24" type="stmt"/>
      </file>
    </package>
  </project>
</coverage>
