<?xml version="1.0" encoding="UTF-8"?>
<coverage generated="1554336506504" clover="3.2.0">
  <project timestamp="1554336506504" name="All files">
    <metrics statements="36" coveredstatements="36" conditionals="14" coveredconditionals="14" methods="9" coveredmethods="9" elements="59" coveredelements="59" complexity="0" loc="36" ncloc="36" packages="2" files="5" classes="5"/>
    <package name="src">
      <metrics statements="30" coveredstatements="30" conditionals="9" coveredconditionals="9" methods="6" coveredmethods="6"/>
      <file name="bubble.js" path="G:\code_paradise\git\arraysort\src\bubble.js">
        <metrics statements="6" coveredstatements="6" conditionals="0" coveredconditionals="0" methods="1" coveredmethods="1"/>
        <line num="12" count="13" type="stmt"/>
        <line num="14" count="10" type="stmt"/>
        <line num="15" count="10" type="stmt"/>
        <line num="16" count="3032" type="stmt"/>
        <line num="17" count="4501588" type="stmt"/>
        <line num="20" count="10" type="stmt"/>
      </file>
      <file name="quick.js" path="G:\code_paradise\git\arraysort\src\quick.js">
        <metrics statements="24" coveredstatements="24" conditionals="9" coveredconditionals="9" methods="5" coveredmethods="5"/>
        <line num="11" count="1034" type="stmt"/>
        <line num="15" count="1038" type="stmt"/>
        <line num="16" count="1038" type="cond" truecount="2" falsecount="0"/>
        <line num="18" count="963" type="stmt"/>
        <line num="19" count="963" type="stmt"/>
        <line num="22" count="963" type="stmt"/>
        <line num="24" count="963" type="cond" truecount="2" falsecount="0"/>
        <line num="25" count="6" type="stmt"/>
        <line num="27" count="6" type="stmt"/>
        <line num="29" count="6" type="stmt"/>
        <line num="32" count="963" type="stmt"/>
        <line num="36" count="2056" type="stmt"/>
        <line num="37" count="27984" type="cond" truecount="2" falsecount="0"/>
        <line num="38" count="27979" type="stmt"/>
        <line num="39" count="27984" type="stmt"/>
        <line num="47" count="2069" type="stmt"/>
        <line num="49" count="2066" type="stmt"/>
        <line num="51" count="2066" type="cond" truecount="2" falsecount="0"/>
        <line num="52" count="1038" type="stmt"/>
        <line num="55" count="1028" type="stmt"/>
        <line num="56" count="1028" type="stmt"/>
        <line num="57" count="1028" type="stmt"/>
        <line num="58" count="1028" type="stmt"/>
        <line num="60" count="1028" type="stmt"/>
      </file>
    </package>
    <package name="src.private">
      <metrics statements="6" coveredstatements="6" conditionals="5" coveredconditionals="5" methods="3" coveredmethods="3"/>
      <file name="error-message.js" path="G:\code_paradise\git\arraysort\src\private\error-message.js">
        <metrics statements="1" coveredstatements="1" conditionals="0" coveredconditionals="0" methods="0" coveredmethods="0"/>
        <line num="1" count="2" type="stmt"/>
      </file>
      <file name="index.js" path="G:\code_paradise\git\arraysort\src\private\index.js">
        <metrics statements="2" coveredstatements="2" conditionals="2" coveredconditionals="2" methods="1" coveredmethods="1"/>
        <line num="2" count="2082" type="cond" truecount="2" falsecount="0"/>
        <line num="3" count="6" type="stmt"/>
      </file>
      <file name="swap.js" path="G:\code_paradise\git\arraysort\src\private\swap.js">
        <metrics statements="3" coveredstatements="3" conditionals="3" coveredconditionals="3" methods="2" coveredmethods="2"/>
        <line num="2" count="4502563" type="stmt"/>
        <line num="6" count="4502563" type="cond" truecount="2" falsecount="0"/>
        <line num="7" count="21" type="stmt"/>
      </file>
    </package>
  </project>
</coverage>
