{"G:\\code_paradise\\git\\arraysort\\src\\bubble.js": {"path":"G:\\code_paradise\\git\\arraysort\\src\\bubble.js","statementMap":{"0":{"start":{"line":12,"column":2},"end":{"line":12,"column":66}},"1":{"start":{"line":14,"column":14},"end":{"line":14,"column":24}},"2":{"start":{"line":15,"column":2},"end":{"line":19,"column":3}},"3":{"start":{"line":15,"column":15},"end":{"line":15,"column":16}},"4":{"start":{"line":16,"column":4},"end":{"line":18,"column":5}},"5":{"start":{"line":16,"column":17},"end":{"line":16,"column":18}},"6":{"start":{"line":17,"column":6},"end":{"line":17,"column":31}},"7":{"start":{"line":20,"column":2},"end":{"line":20,"column":12}}},"fnMap":{"0":{"name":"bubbleSort","decl":{"start":{"line":11,"column":9},"end":{"line":11,"column":19}},"loc":{"start":{"line":11,"column":25},"end":{"line":21,"column":1}},"line":11}},"branchMap":{},"s":{"0":13,"1":10,"2":10,"3":10,"4":3032,"5":3032,"6":4501588,"7":10},"f":{"0":13},"b":{},"_coverageSchema":"43e27e138ebf9cfc5966b082cf9a028302ed4184","hash":"ed413783413cfe9245967ae9fe37eb33517b4204"}
,"G:\\code_paradise\\git\\arraysort\\src\\quick.js": {"path":"G:\\code_paradise\\git\\arraysort\\src\\quick.js","statementMap":{"0":{"start":{"line":11,"column":2},"end":{"line":11,"column":26}},"1":{"start":{"line":15,"column":12},"end":{"line":15,"column":22}},"2":{"start":{"line":16,"column":2},"end":{"line":16,"column":23}},"3":{"start":{"line":16,"column":13},"end":{"line":16,"column":23}},"4":{"start":{"line":18,"column":12},"end":{"line":18,"column":13}},"5":{"start":{"line":19,"column":12},"end":{"line":19,"column":17}},"6":{"start":{"line":22,"column":2},"end":{"line":22,"column":26}},"7":{"start":{"line":24,"column":2},"end":{"line":30,"column":3}},"8":{"start":{"line":25,"column":14},"end":{"line":25,"column":28}},"9":{"start":{"line":27,"column":4},"end":{"line":27,"column":28}},"10":{"start":{"line":29,"column":4},"end":{"line":29,"column":28}},"11":{"start":{"line":32,"column":2},"end":{"line":32,"column":12}},"12":{"start":{"line":36,"column":2},"end":{"line":43,"column":4}},"13":{"start":{"line":37,"column":4},"end":{"line":38,"column":26}},"14":{"start":{"line":37,"column":30},"end":{"line":37,"column":45}},"15":{"start":{"line":38,"column":9},"end":{"line":38,"column":26}},"16":{"start":{"line":39,"column":4},"end":{"line":39,"column":12}},"17":{"start":{"line":47,"column":2},"end":{"line":47,"column":66}},"18":{"start":{"line":49,"column":12},"end":{"line":49,"column":22}},"19":{"start":{"line":51,"column":2},"end":{"line":53,"column":3}},"20":{"start":{"line":52,"column":4},"end":{"line":52,"column":23}},"21":{"start":{"line":55,"column":12},"end":{"line":55,"column":26}},"22":{"start":{"line":56,"column":17},"end":{"line":56,"column":23}},"23":{"start":{"line":57,"column":15},"end":{"line":57,"column":50}},"24":{"start":{"line":58,"column":16},"end":{"line":58,"column":56}},"25":{"start":{"line":60,"column":2},"end":{"line":70,"column":3}}},"fnMap":{"0":{"name":"getMidIndex","decl":{"start":{"line":10,"column":9},"end":{"line":10,"column":20}},"loc":{"start":{"line":10,"column":24},"end":{"line":12,"column":1}},"line":10},"1":{"name":"compare","decl":{"start":{"line":14,"column":9},"end":{"line":14,"column":16}},"loc":{"start":{"line":14,"column":22},"end":{"line":33,"column":1}},"line":14},"2":{"name":"diffAsBase","decl":{"start":{"line":35,"column":9},"end":{"line":35,"column":19}},"loc":{"start":{"line":35,"column":46},"end":{"line":44,"column":1}},"line":35},"3":{"name":"(anonymous_3)","decl":{"start":{"line":36,"column":26},"end":{"line":36,"column":27}},"loc":{"start":{"line":36,"column":36},"end":{"line":40,"column":3}},"line":36},"4":{"name":"quickSort","decl":{"start":{"line":46,"column":9},"end":{"line":46,"column":18}},"loc":{"start":{"line":46,"column":24},"end":{"line":71,"column":1}},"line":46}},"branchMap":{"0":{"loc":{"start":{"line":16,"column":2},"end":{"line":16,"column":23}},"type":"if","locations":[{"start":{"line":16,"column":2},"end":{"line":16,"column":23}},{"start":{"line":16,"column":2},"end":{"line":16,"column":23}}],"line":16},"1":{"loc":{"start":{"line":24,"column":2},"end":{"line":30,"column":3}},"type":"if","locations":[{"start":{"line":24,"column":2},"end":{"line":30,"column":3}},{"start":{"line":24,"column":2},"end":{"line":30,"column":3}}],"line":24},"2":{"loc":{"start":{"line":35,"column":37},"end":{"line":35,"column":44}},"type":"default-arg","locations":[{"start":{"line":35,"column":43},"end":{"line":35,"column":44}}],"line":35},"3":{"loc":{"start":{"line":37,"column":4},"end":{"line":38,"column":26}},"type":"if","locations":[{"start":{"line":37,"column":4},"end":{"line":38,"column":26}},{"start":{"line":37,"column":4},"end":{"line":38,"column":26}}],"line":37},"4":{"loc":{"start":{"line":51,"column":2},"end":{"line":53,"column":3}},"type":"if","locations":[{"start":{"line":51,"column":2},"end":{"line":53,"column":3}},{"start":{"line":51,"column":2},"end":{"line":53,"column":3}}],"line":51}},"s":{"0":1034,"1":1038,"2":1038,"3":75,"4":963,"5":963,"6":963,"7":963,"8":6,"9":6,"10":6,"11":963,"12":2056,"13":27984,"14":5,"15":27979,"16":27984,"17":2069,"18":2066,"19":2066,"20":1038,"21":1028,"22":1028,"23":1028,"24":1028,"25":1028},"f":{"0":1034,"1":1038,"2":2056,"3":27984,"4":2069},"b":{"0":[75,963],"1":[6,957],"2":[1028],"3":[5,27979],"4":[1038,1028]},"_coverageSchema":"43e27e138ebf9cfc5966b082cf9a028302ed4184","hash":"183f320c13d2cb863ce4c7ed4c764060d4eea5ff"}
,"G:\\code_paradise\\git\\arraysort\\src\\private\\error-message.js": {"path":"G:\\code_paradise\\git\\arraysort\\src\\private\\error-message.js","statementMap":{"0":{"start":{"line":1,"column":49},"end":{"line":1,"column":75}}},"fnMap":{},"branchMap":{},"s":{"0":2},"f":{},"b":{},"_coverageSchema":"43e27e138ebf9cfc5966b082cf9a028302ed4184","hash":"c91d107f86e3f8f910fbc3bcbdd43aa854aa68d5"}
,"G:\\code_paradise\\git\\arraysort\\src\\private\\index.js": {"path":"G:\\code_paradise\\git\\arraysort\\src\\private\\index.js","statementMap":{"0":{"start":{"line":2,"column":1},"end":{"line":4,"column":2}},"1":{"start":{"line":3,"column":2},"end":{"line":3,"column":26}}},"fnMap":{"0":{"name":"invariant","decl":{"start":{"line":1,"column":16},"end":{"line":1,"column":25}},"loc":{"start":{"line":1,"column":46},"end":{"line":5,"column":1}},"line":1}},"branchMap":{"0":{"loc":{"start":{"line":2,"column":1},"end":{"line":4,"column":2}},"type":"if","locations":[{"start":{"line":2,"column":1},"end":{"line":4,"column":2}},{"start":{"line":2,"column":1},"end":{"line":4,"column":2}}],"line":2}},"s":{"0":2082,"1":6},"f":{"0":2082},"b":{"0":[6,2076]},"_coverageSchema":"43e27e138ebf9cfc5966b082cf9a028302ed4184","hash":"aaee943238304b123912cb13f53dded67f30b283"}
,"G:\\code_paradise\\git\\arraysort\\src\\private\\swap.js": {"path":"G:\\code_paradise\\git\\arraysort\\src\\private\\swap.js","statementMap":{"0":{"start":{"line":2,"column":2},"end":{"line":2,"column":24}},"1":{"start":{"line":6,"column":2},"end":{"line":8,"column":3}},"2":{"start":{"line":7,"column":4},"end":{"line":7,"column":39}}},"fnMap":{"0":{"name":"incremental","decl":{"start":{"line":1,"column":9},"end":{"line":1,"column":20}},"loc":{"start":{"line":1,"column":32},"end":{"line":3,"column":1}},"line":1},"1":{"name":"swap","decl":{"start":{"line":5,"column":24},"end":{"line":5,"column":28}},"loc":{"start":{"line":5,"column":67},"end":{"line":9,"column":1}},"line":5}},"branchMap":{"0":{"loc":{"start":{"line":5,"column":40},"end":{"line":5,"column":65}},"type":"default-arg","locations":[{"start":{"line":5,"column":54},"end":{"line":5,"column":65}}],"line":5},"1":{"loc":{"start":{"line":6,"column":2},"end":{"line":8,"column":3}},"type":"if","locations":[{"start":{"line":6,"column":2},"end":{"line":8,"column":3}},{"start":{"line":6,"column":2},"end":{"line":8,"column":3}}],"line":6}},"s":{"0":4502563,"1":4502563,"2":21},"f":{"0":4502563,"1":4502563},"b":{"0":[4502563],"1":[21,4502542]},"_coverageSchema":"43e27e138ebf9cfc5966b082cf9a028302ed4184","hash":"310ceaa450c43099b8b7e64eb651b3d4d6f571ed"}
}
