{"G:\\code_paradise\\git\\quicksort\\src\\bubble.js": {"path":"G:\\code_paradise\\git\\quicksort\\src\\bubble.js","statementMap":{"0":{"start":{"line":13,"column":2},"end":{"line":13,"column":66}},"1":{"start":{"line":15,"column":14},"end":{"line":15,"column":24}},"2":{"start":{"line":16,"column":2},"end":{"line":20,"column":3}},"3":{"start":{"line":16,"column":15},"end":{"line":16,"column":16}},"4":{"start":{"line":17,"column":4},"end":{"line":19,"column":5}},"5":{"start":{"line":17,"column":17},"end":{"line":17,"column":18}},"6":{"start":{"line":18,"column":6},"end":{"line":18,"column":31}},"7":{"start":{"line":22,"column":2},"end":{"line":22,"column":12}}},"fnMap":{"0":{"name":"bubbleSort","decl":{"start":{"line":11,"column":9},"end":{"line":11,"column":19}},"loc":{"start":{"line":11,"column":25},"end":{"line":23,"column":1}},"line":11}},"branchMap":{},"s":{"0":12,"1":9,"2":9,"3":9,"4":3026,"5":3026,"6":4501567,"7":9},"f":{"0":12},"b":{},"_coverageSchema":"43e27e138ebf9cfc5966b082cf9a028302ed4184","hash":"e8f518808d07ae74e96f94d2ad5dede49e6d75c3"}
,"G:\\code_paradise\\git\\quicksort\\src\\quick.js": {"path":"G:\\code_paradise\\git\\quicksort\\src\\quick.js","statementMap":{"0":{"start":{"line":11,"column":2},"end":{"line":11,"column":26}},"1":{"start":{"line":15,"column":11},"end":{"line":15,"column":21}},"2":{"start":{"line":16,"column":12},"end":{"line":16,"column":13}},"3":{"start":{"line":17,"column":12},"end":{"line":17,"column":26}},"4":{"start":{"line":18,"column":12},"end":{"line":18,"column":17}},"5":{"start":{"line":21,"column":2},"end":{"line":21,"column":26}},"6":{"start":{"line":23,"column":2},"end":{"line":23,"column":26}},"7":{"start":{"line":25,"column":2},"end":{"line":25,"column":26}},"8":{"start":{"line":27,"column":2},"end":{"line":27,"column":12}},"9":{"start":{"line":31,"column":2},"end":{"line":38,"column":4}},"10":{"start":{"line":32,"column":4},"end":{"line":33,"column":26}},"11":{"start":{"line":32,"column":30},"end":{"line":32,"column":45}},"12":{"start":{"line":33,"column":9},"end":{"line":33,"column":26}},"13":{"start":{"line":34,"column":4},"end":{"line":34,"column":12}},"14":{"start":{"line":42,"column":2},"end":{"line":42,"column":66}},"15":{"start":{"line":45,"column":2},"end":{"line":45,"column":14}},"16":{"start":{"line":47,"column":12},"end":{"line":47,"column":22}},"17":{"start":{"line":48,"column":12},"end":{"line":48,"column":26}},"18":{"start":{"line":50,"column":2},"end":{"line":52,"column":3}},"19":{"start":{"line":51,"column":4},"end":{"line":51,"column":14}},"20":{"start":{"line":54,"column":17},"end":{"line":54,"column":23}},"21":{"start":{"line":55,"column":15},"end":{"line":55,"column":50}},"22":{"start":{"line":56,"column":16},"end":{"line":56,"column":56}},"23":{"start":{"line":58,"column":2},"end":{"line":68,"column":3}}},"fnMap":{"0":{"name":"getMidIndex","decl":{"start":{"line":10,"column":9},"end":{"line":10,"column":20}},"loc":{"start":{"line":10,"column":24},"end":{"line":12,"column":1}},"line":10},"1":{"name":"compare","decl":{"start":{"line":14,"column":9},"end":{"line":14,"column":16}},"loc":{"start":{"line":14,"column":22},"end":{"line":28,"column":1}},"line":14},"2":{"name":"diffAsBase","decl":{"start":{"line":30,"column":9},"end":{"line":30,"column":19}},"loc":{"start":{"line":30,"column":46},"end":{"line":39,"column":1}},"line":30},"3":{"name":"(anonymous_3)","decl":{"start":{"line":31,"column":26},"end":{"line":31,"column":27}},"loc":{"start":{"line":31,"column":36},"end":{"line":35,"column":3}},"line":31},"4":{"name":"quickSort","decl":{"start":{"line":41,"column":9},"end":{"line":41,"column":18}},"loc":{"start":{"line":41,"column":24},"end":{"line":69,"column":1}},"line":41}},"branchMap":{"0":{"loc":{"start":{"line":30,"column":37},"end":{"line":30,"column":44}},"type":"default-arg","locations":[{"start":{"line":30,"column":43},"end":{"line":30,"column":44}}],"line":30},"1":{"loc":{"start":{"line":32,"column":4},"end":{"line":33,"column":26}},"type":"if","locations":[{"start":{"line":32,"column":4},"end":{"line":33,"column":26}},{"start":{"line":32,"column":4},"end":{"line":33,"column":26}}],"line":32},"2":{"loc":{"start":{"line":50,"column":2},"end":{"line":52,"column":3}},"type":"if","locations":[{"start":{"line":50,"column":2},"end":{"line":52,"column":3}},{"start":{"line":50,"column":2},"end":{"line":52,"column":3}}],"line":50}},"s":{"0":4122,"1":2061,"2":2061,"3":2061,"4":2061,"5":2061,"6":2061,"7":2061,"8":2061,"9":2052,"10":27976,"11":2,"12":27974,"13":27976,"14":2064,"15":2061,"16":2061,"17":2061,"18":2061,"19":1035,"20":1026,"21":1026,"22":1026,"23":1026},"f":{"0":4122,"1":2061,"2":2052,"3":27976,"4":2064},"b":{"0":[1026],"1":[2,27974],"2":[1035,1026]},"_coverageSchema":"43e27e138ebf9cfc5966b082cf9a028302ed4184","hash":"4ec9e7758b91bd0bca4f700fd1691d5c7e7ba1d8"}
,"G:\\code_paradise\\git\\quicksort\\src\\private\\error-message.js": {"path":"G:\\code_paradise\\git\\quicksort\\src\\private\\error-message.js","statementMap":{"0":{"start":{"line":1,"column":49},"end":{"line":1,"column":75}}},"fnMap":{},"branchMap":{},"s":{"0":2},"f":{},"b":{},"_coverageSchema":"43e27e138ebf9cfc5966b082cf9a028302ed4184","hash":"1a69dd92e03e31fb763f5da8404f73b0053ec8e9"}
,"G:\\code_paradise\\git\\quicksort\\src\\private\\index.js": {"path":"G:\\code_paradise\\git\\quicksort\\src\\private\\index.js","statementMap":{"0":{"start":{"line":2,"column":1},"end":{"line":4,"column":2}},"1":{"start":{"line":3,"column":2},"end":{"line":3,"column":26}}},"fnMap":{"0":{"name":"invariant","decl":{"start":{"line":1,"column":16},"end":{"line":1,"column":25}},"loc":{"start":{"line":1,"column":46},"end":{"line":5,"column":1}},"line":1}},"branchMap":{"0":{"loc":{"start":{"line":2,"column":1},"end":{"line":4,"column":2}},"type":"if","locations":[{"start":{"line":2,"column":1},"end":{"line":4,"column":2}},{"start":{"line":2,"column":1},"end":{"line":4,"column":2}}],"line":2}},"s":{"0":2076,"1":6},"f":{"0":2076},"b":{"0":[6,2070]},"_coverageSchema":"43e27e138ebf9cfc5966b082cf9a028302ed4184","hash":"b7d1547b267c5243537a3cd6880b18cac133a0d2"}
,"G:\\code_paradise\\git\\quicksort\\src\\private\\swap.js": {"path":"G:\\code_paradise\\git\\quicksort\\src\\private\\swap.js","statementMap":{"0":{"start":{"line":2,"column":2},"end":{"line":2,"column":24}},"1":{"start":{"line":6,"column":2},"end":{"line":8,"column":3}},"2":{"start":{"line":7,"column":4},"end":{"line":7,"column":39}}},"fnMap":{"0":{"name":"incremental","decl":{"start":{"line":1,"column":9},"end":{"line":1,"column":20}},"loc":{"start":{"line":1,"column":32},"end":{"line":3,"column":1}},"line":1},"1":{"name":"swap","decl":{"start":{"line":5,"column":24},"end":{"line":5,"column":28}},"loc":{"start":{"line":5,"column":67},"end":{"line":9,"column":1}},"line":5}},"branchMap":{"0":{"loc":{"start":{"line":5,"column":40},"end":{"line":5,"column":65}},"type":"default-arg","locations":[{"start":{"line":5,"column":54},"end":{"line":5,"column":65}}],"line":5},"1":{"loc":{"start":{"line":6,"column":2},"end":{"line":8,"column":3}},"type":"if","locations":[{"start":{"line":6,"column":2},"end":{"line":8,"column":3}},{"start":{"line":6,"column":2},"end":{"line":8,"column":3}}],"line":6}},"s":{"0":4507750,"1":4507750,"2":24},"f":{"0":4507750,"1":4507750},"b":{"0":[4507750],"1":[24,4507726]},"_coverageSchema":"43e27e138ebf9cfc5966b082cf9a028302ed4184","hash":"00c45d96ba7cb3522f53452a2581ec24bfe0025f"}
}
