TN:
SF:G:\code_paradise\git\arraysort\src\bubble.js
FN:11,bubbleSort
FNF:1
FNH:1
FNDA:13,bubbleSort
DA:12,13
DA:14,10
DA:15,10
DA:16,3032
DA:17,4501588
DA:20,10
LF:6
LH:6
BRF:0
BRH:0
end_of_record
TN:
SF:G:\code_paradise\git\arraysort\src\quick.js
FN:10,getMidIndex
FN:14,compare
FN:35,diffAsBase
FN:36,(anonymous_3)
FN:46,quickSort
FNF:5
FNH:5
FNDA:1034,getMidIndex
FNDA:1038,compare
FNDA:2056,diffAsBase
FNDA:27984,(anonymous_3)
FNDA:2069,quickSort
DA:11,1034
DA:15,1038
DA:16,1038
DA:18,963
DA:19,963
DA:22,963
DA:24,963
DA:25,6
DA:27,6
DA:29,6
DA:32,963
DA:36,2056
DA:37,27984
DA:38,27979
DA:39,27984
DA:47,2069
DA:49,2066
DA:51,2066
DA:52,1038
DA:55,1028
DA:56,1028
DA:57,1028
DA:58,1028
DA:60,1028
LF:24
LH:24
BRDA:16,0,0,75
BRDA:16,0,1,963
BRDA:24,1,0,6
BRDA:24,1,1,957
BRDA:35,2,0,1028
BRDA:37,3,0,5
BRDA:37,3,1,27979
BRDA:51,4,0,1038
BRDA:51,4,1,1028
BRF:9
BRH:9
end_of_record
TN:
SF:G:\code_paradise\git\arraysort\src\private\error-message.js
FNF:0
FNH:0
DA:1,2
LF:1
LH:1
BRF:0
BRH:0
end_of_record
TN:
SF:G:\code_paradise\git\arraysort\src\private\index.js
FN:1,invariant
FNF:1
FNH:1
FNDA:2082,invariant
DA:2,2082
DA:3,6
LF:2
LH:2
BRDA:2,0,0,6
BRDA:2,0,1,2076
BRF:2
BRH:2
end_of_record
TN:
SF:G:\code_paradise\git\arraysort\src\private\swap.js
FN:1,incremental
FN:5,swap
FNF:2
FNH:2
FNDA:4502563,incremental
FNDA:4502563,swap
DA:2,4502563
DA:6,4502563
DA:7,21
LF:3
LH:3
BRDA:5,0,0,4502563
BRDA:6,1,0,21
BRDA:6,1,1,4502542
BRF:3
BRH:3
end_of_record
