TN:
SF:G:\code_paradise\git\quicksort\src\bubble.js
FN:11,bubbleSort
FNF:1
FNH:1
FNDA:12,bubbleSort
DA:13,12
DA:15,9
DA:16,9
DA:17,3026
DA:18,4501567
DA:22,9
LF:6
LH:6
BRF:0
BRH:0
end_of_record
TN:
SF:G:\code_paradise\git\quicksort\src\quick.js
FN:10,getMidIndex
FN:14,compare
FN:30,diffAsBase
FN:31,(anonymous_3)
FN:41,quickSort
FNF:5
FNH:5
FNDA:4122,getMidIndex
FNDA:2061,compare
FNDA:2052,diffAsBase
FNDA:27976,(anonymous_3)
FNDA:2064,quickSort
DA:11,4122
DA:15,2061
DA:16,2061
DA:17,2061
DA:18,2061
DA:21,2061
DA:23,2061
DA:25,2061
DA:27,2061
DA:31,2052
DA:32,27976
DA:33,27974
DA:34,27976
DA:42,2064
DA:45,2061
DA:47,2061
DA:48,2061
DA:50,2061
DA:51,1035
DA:54,1026
DA:55,1026
DA:56,1026
DA:58,1026
LF:23
LH:23
BRDA:30,0,0,1026
BRDA:32,1,0,2
BRDA:32,1,1,27974
BRDA:50,2,0,1035
BRDA:50,2,1,1026
BRF:5
BRH:5
end_of_record
TN:
SF:G:\code_paradise\git\quicksort\src\private\error-message.js
FNF:0
FNH:0
DA:1,2
LF:1
LH:1
BRF:0
BRH:0
end_of_record
TN:
SF:G:\code_paradise\git\quicksort\src\private\index.js
FN:1,invariant
FNF:1
FNH:1
FNDA:2076,invariant
DA:2,2076
DA:3,6
LF:2
LH:2
BRDA:2,0,0,6
BRDA:2,0,1,2070
BRF:2
BRH:2
end_of_record
TN:
SF:G:\code_paradise\git\quicksort\src\private\swap.js
FN:1,incremental
FN:5,swap
FNF:2
FNH:2
FNDA:4507750,incremental
FNDA:4507750,swap
DA:2,4507750
DA:6,4507750
DA:7,24
LF:3
LH:3
BRDA:5,0,0,4507750
BRDA:6,1,0,24
BRDA:6,1,1,4507726
BRF:3
BRH:3
end_of_record
